<?xml version="1.0" encoding="UTF-8"?>
<robot generator="Robot 5.0.1 (Python 3.10.5 on darwin)" generated="20220725 13:57:14.696" rpa="false" schemaversion="3">
<suite id="s1" name="Traffic01 &amp; Traffic02">
<suite id="s1-s1" name="Traffic01" source="/Users/tusharys/Desktop/robot1/trafficgen/traffic01.robot">
<test id="s1-s1-t1" name="Open browser with proxy" line="18">
<for flavor="IN">
<var>${user}</var>
<value>@{users}[0:1]</value>
<iter>
<var name="${user}">['admin@pavan.com', 'Admin@123']</var>
<kw name="Open browser with proxy with user" library="run">
<arg>${user}</arg>
<kw name="Evaluate" library="BuiltIn">
<var>${caps}</var>
<arg>sys.modules['selenium.webdriver'].DesiredCapabilities.CHROME</arg>
<arg>sys, selenium.webdriver</arg>
<doc>Evaluates the given expression in Python and returns the result.</doc>
<msg timestamp="20220725 13:57:15.263" level="INFO">${caps} = {'browserName': 'chrome'}</msg>
<status status="PASS" starttime="20220725 13:57:15.263" endtime="20220725 13:57:15.263"/>
</kw>
<kw name="Create Dictionary" library="BuiltIn">
<var>${proxy}</var>
<arg>proxyType=MANUAL</arg>
<arg>sslProxy=${ip_port}</arg>
<arg>httpProxy=${ip_port}</arg>
<doc>Creates and returns a dictionary based on the given ``items``.</doc>
<msg timestamp="20220725 13:57:15.264" level="INFO">${proxy} = {'proxyType': 'MANUAL', 'sslProxy': '10.66.103.62:50000', 'httpProxy': '10.66.103.62:50000'}</msg>
<status status="PASS" starttime="20220725 13:57:15.263" endtime="20220725 13:57:15.264"/>
</kw>
<kw name="Set To Dictionary" library="Collections">
<arg>${caps}</arg>
<arg>proxy=${proxy}</arg>
<doc>Adds the given ``key_value_pairs`` and ``items`` to the ``dictionary``.</doc>
<status status="PASS" starttime="20220725 13:57:15.264" endtime="20220725 13:57:15.264"/>
</kw>
<kw name="Open Browser" library="SeleniumLibrary">
<arg>https://ip.zscaler.com</arg>
<arg>browser=headlessChrome</arg>
<arg>desired_capabilities=${caps}</arg>
<arg>options=add_argument("--ignore-certificate-errors")</arg>
<doc>Opens a new browser instance to the optional ``url``.</doc>
<msg timestamp="20220725 13:57:15.264" level="INFO">Opening browser 'headlessChrome' to base url 'https://ip.zscaler.com'.</msg>
<status status="PASS" starttime="20220725 13:57:15.264" endtime="20220725 13:57:20.377"/>
</kw>
<kw name="Maximize Browser Window" library="SeleniumLibrary">
<doc>Maximizes current browser window.</doc>
<status status="PASS" starttime="20220725 13:57:20.377" endtime="20220725 13:57:20.481"/>
</kw>
<kw name="Input Text" library="SeleniumLibrary">
<arg>xpath://*[@id="username_input"]</arg>
<arg>${user}[0]</arg>
<doc>Types the given ``text`` into the text field identified by ``locator``.</doc>
<msg timestamp="20220725 13:57:20.482" level="INFO">Typing text 'admin@pavan.com' into text field 'xpath://*[@id="username_input"]'.</msg>
<status status="PASS" starttime="20220725 13:57:20.481" endtime="20220725 13:57:20.552"/>
</kw>
<kw name="Click Element" library="SeleniumLibrary">
<arg>xpath:/html/body/div/div/div/form/table[2]/tbody/tr/td/table[1]/tbody/tr[5]/td/table/tbody/tr/td[1]/input</arg>
<doc>Click the element identified by ``locator``.</doc>
<msg timestamp="20220725 13:57:20.553" level="INFO">Clicking element 'xpath:/html/body/div/div/div/form/table[2]/tbody/tr/td/table[1]/tbody/tr[5]/td/table/tbody/tr/td[1]/input'.</msg>
<status status="PASS" starttime="20220725 13:57:20.552" endtime="20220725 13:57:22.846"/>
</kw>
<kw name="Input Text" library="SeleniumLibrary">
<arg>xpath:/html/body/div/div/form/table[2]/tbody/tr/td/table[1]/tbody/tr[2]/td/table/tbody/tr[1]/td/div[2]/table[2]/tbody/tr/td/div/input</arg>
<arg>${user}[1]</arg>
<doc>Types the given ``text`` into the text field identified by ``locator``.</doc>
<msg timestamp="20220725 13:57:22.847" level="INFO">Typing text 'Admin@123' into text field 'xpath:/html/body/div/div/form/table[2]/tbody/tr/td/table[1]/tbody/tr[2]/td/table/tbody/tr[1]/td/div[2]/table[2]/tbody/tr/td/div/input'.</msg>
<status status="PASS" starttime="20220725 13:57:22.846" endtime="20220725 13:57:22.890"/>
</kw>
<kw name="Click Element" library="SeleniumLibrary">
<arg>xpath:/html/body/div/div/form/table[2]/tbody/tr/td/table[1]/tbody/tr[3]/td/input</arg>
<doc>Click the element identified by ``locator``.</doc>
<msg timestamp="20220725 13:57:22.890" level="INFO">Clicking element 'xpath:/html/body/div/div/form/table[2]/tbody/tr/td/table[1]/tbody/tr[3]/td/input'.</msg>
<status status="PASS" starttime="20220725 13:57:22.890" endtime="20220725 13:57:27.948"/>
</kw>
<kw name="Sleep" library="BuiltIn">
<arg>2</arg>
<doc>Pauses the test executed for the given time.</doc>
<msg timestamp="20220725 13:57:29.951" level="INFO">Slept 2 seconds</msg>
<status status="PASS" starttime="20220725 13:57:27.949" endtime="20220725 13:57:29.952"/>
</kw>
<kw name="Evaluate" library="BuiltIn">
<var>${from}</var>
<arg>${counter}*${per_user}</arg>
<doc>Evaluates the given expression in Python and returns the result.</doc>
<msg timestamp="20220725 13:57:29.954" level="INFO">${from} = 0</msg>
<status status="PASS" starttime="20220725 13:57:29.952" endtime="20220725 13:57:29.954"/>
</kw>
<kw name="Evaluate" library="BuiltIn">
<var>${to}</var>
<arg>${counter}*${per_user}+${per_user}</arg>
<doc>Evaluates the given expression in Python and returns the result.</doc>
<msg timestamp="20220725 13:57:29.954" level="INFO">${to} = 0</msg>
<status status="PASS" starttime="20220725 13:57:29.954" endtime="20220725 13:57:29.954"/>
</kw>
<for flavor="IN">
<var>${website}</var>
<value>@{websites}</value>
<iter>
<var name="${website}">http://www.aibai.cn/</var>
<kw name="Log To Console" library="BuiltIn">
<arg>${website}</arg>
<doc>Logs the given message to the console.</doc>
<status status="PASS" starttime="20220725 13:57:29.955" endtime="20220725 13:57:29.957"/>
</kw>
<kw name="Execute Javascript" library="SeleniumLibrary">
<arg>window.open("${website}")</arg>
<doc>Executes the given JavaScript code with possible arguments.</doc>
<msg timestamp="20220725 13:57:29.958" level="INFO">Executing JavaScript:
window.open("http://www.aibai.cn/")
Without any arguments.</msg>
<status status="PASS" starttime="20220725 13:57:29.957" endtime="20220725 13:57:29.969"/>
</kw>
<status status="PASS" starttime="20220725 13:57:29.955" endtime="20220725 13:57:29.969"/>
</iter>
<iter>
<var name="${website}">http://www.beautyphoto.info/</var>
<kw name="Log To Console" library="BuiltIn">
<arg>${website}</arg>
<doc>Logs the given message to the console.</doc>
<status status="PASS" starttime="20220725 13:57:29.970" endtime="20220725 13:57:29.970"/>
</kw>
<kw name="Execute Javascript" library="SeleniumLibrary">
<arg>window.open("${website}")</arg>
<doc>Executes the given JavaScript code with possible arguments.</doc>
<msg timestamp="20220725 13:57:29.970" level="INFO">Executing JavaScript:
window.open("http://www.beautyphoto.info/")
Without any arguments.</msg>
<status status="PASS" starttime="20220725 13:57:29.970" endtime="20220725 13:57:29.977"/>
</kw>
<status status="PASS" starttime="20220725 13:57:29.970" endtime="20220725 13:57:29.977"/>
</iter>
<iter>
<var name="${website}">http://www.loveadvice.info/</var>
<kw name="Log To Console" library="BuiltIn">
<arg>${website}</arg>
<doc>Logs the given message to the console.</doc>
<status status="PASS" starttime="20220725 13:57:29.978" endtime="20220725 13:57:29.978"/>
</kw>
<kw name="Execute Javascript" library="SeleniumLibrary">
<arg>window.open("${website}")</arg>
<doc>Executes the given JavaScript code with possible arguments.</doc>
<msg timestamp="20220725 13:57:29.978" level="INFO">Executing JavaScript:
window.open("http://www.loveadvice.info/")
Without any arguments.</msg>
<status status="PASS" starttime="20220725 13:57:29.978" endtime="20220725 13:57:29.984"/>
</kw>
<status status="PASS" starttime="20220725 13:57:29.977" endtime="20220725 13:57:29.984"/>
</iter>
<iter>
<var name="${website}">http://www.adultfilmclassics.com/</var>
<kw name="Log To Console" library="BuiltIn">
<arg>${website}</arg>
<doc>Logs the given message to the console.</doc>
<status status="PASS" starttime="20220725 13:57:29.984" endtime="20220725 13:57:29.984"/>
</kw>
<kw name="Execute Javascript" library="SeleniumLibrary">
<arg>window.open("${website}")</arg>
<doc>Executes the given JavaScript code with possible arguments.</doc>
<msg timestamp="20220725 13:57:29.984" level="INFO">Executing JavaScript:
window.open("http://www.adultfilmclassics.com/")
Without any arguments.</msg>
<status status="PASS" starttime="20220725 13:57:29.984" endtime="20220725 13:57:29.989"/>
</kw>
<status status="PASS" starttime="20220725 13:57:29.984" endtime="20220725 13:57:29.989"/>
</iter>
<status status="PASS" starttime="20220725 13:57:29.955" endtime="20220725 13:57:29.989"/>
</for>
<kw name="Evaluate" library="BuiltIn">
<var>${counter}</var>
<arg>${counter}+1</arg>
<doc>Evaluates the given expression in Python and returns the result.</doc>
<msg timestamp="20220725 13:57:29.989" level="INFO">${counter} = 1</msg>
<status status="PASS" starttime="20220725 13:57:29.989" endtime="20220725 13:57:29.989"/>
</kw>
<kw name="Log To Console" library="BuiltIn">
<arg>${counter}</arg>
<doc>Logs the given message to the console.</doc>
<status status="PASS" starttime="20220725 13:57:29.989" endtime="20220725 13:57:29.989"/>
</kw>
<kw name="Log To Console" library="BuiltIn">
<arg>${from},${to},${user}</arg>
<doc>Logs the given message to the console.</doc>
<status status="PASS" starttime="20220725 13:57:29.990" endtime="20220725 13:57:29.990"/>
</kw>
<kw name="Sleep" library="BuiltIn">
<arg>10</arg>
<doc>Pauses the test executed for the given time.</doc>
<msg timestamp="20220725 13:57:39.991" level="INFO">Slept 10 seconds</msg>
<status status="PASS" starttime="20220725 13:57:29.990" endtime="20220725 13:57:39.991"/>
</kw>
<kw name="Close Browser" library="SeleniumLibrary">
<doc>Closes the current browser.</doc>
<status status="PASS" starttime="20220725 13:57:39.992" endtime="20220725 13:57:40.058"/>
</kw>
<status status="PASS" starttime="20220725 13:57:15.263" endtime="20220725 13:57:40.058"/>
</kw>
<status status="PASS" starttime="20220725 13:57:15.263" endtime="20220725 13:57:40.058"/>
</iter>
<status status="PASS" starttime="20220725 13:57:15.263" endtime="20220725 13:57:40.058"/>
</for>
<status status="PASS" starttime="20220725 13:57:15.261" endtime="20220725 13:57:40.058"/>
</test>
<status status="PASS" starttime="20220725 13:57:14.704" endtime="20220725 13:57:40.064"/>
</suite>
<suite id="s1-s2" name="Traffic02" source="/Users/tusharys/Desktop/robot1/trafficgen/traffic02.robot">
<test id="s1-s2-t1" name="Open browser with proxy" line="18">
<for flavor="IN">
<var>${user}</var>
<value>@{users}[1:2]</value>
<iter>
<var name="${user}">['admin@nithin.com', 'Admin@123']</var>
<kw name="Open browser with proxy with user" library="run">
<arg>${user}</arg>
<kw name="Evaluate" library="BuiltIn">
<var>${caps}</var>
<arg>sys.modules['selenium.webdriver'].DesiredCapabilities.CHROME</arg>
<arg>sys, selenium.webdriver</arg>
<doc>Evaluates the given expression in Python and returns the result.</doc>
<msg timestamp="20220725 13:57:40.075" level="INFO">${caps} = {'browserName': 'chrome', 'proxy': {'proxyType': 'MANUAL', 'sslProxy': '10.66.103.62:50000', 'httpProxy': '10.66.103.62:50000'}}</msg>
<status status="PASS" starttime="20220725 13:57:40.075" endtime="20220725 13:57:40.075"/>
</kw>
<kw name="Create Dictionary" library="BuiltIn">
<var>${proxy}</var>
<arg>proxyType=MANUAL</arg>
<arg>sslProxy=${ip_port}</arg>
<arg>httpProxy=${ip_port}</arg>
<doc>Creates and returns a dictionary based on the given ``items``.</doc>
<msg timestamp="20220725 13:57:40.075" level="INFO">${proxy} = {'proxyType': 'MANUAL', 'sslProxy': '10.66.103.62:50000', 'httpProxy': '10.66.103.62:50000'}</msg>
<status status="PASS" starttime="20220725 13:57:40.075" endtime="20220725 13:57:40.075"/>
</kw>
<kw name="Set To Dictionary" library="Collections">
<arg>${caps}</arg>
<arg>proxy=${proxy}</arg>
<doc>Adds the given ``key_value_pairs`` and ``items`` to the ``dictionary``.</doc>
<status status="PASS" starttime="20220725 13:57:40.075" endtime="20220725 13:57:40.076"/>
</kw>
<kw name="Open Browser" library="SeleniumLibrary">
<arg>https://ip.zscaler.com</arg>
<arg>browser=headlessChrome</arg>
<arg>desired_capabilities=${caps}</arg>
<arg>options=add_argument("--ignore-certificate-errors")</arg>
<doc>Opens a new browser instance to the optional ``url``.</doc>
<msg timestamp="20220725 13:57:40.076" level="INFO">Opening browser 'headlessChrome' to base url 'https://ip.zscaler.com'.</msg>
<status status="PASS" starttime="20220725 13:57:40.076" endtime="20220725 13:57:44.994"/>
</kw>
<kw name="Maximize Browser Window" library="SeleniumLibrary">
<doc>Maximizes current browser window.</doc>
<status status="PASS" starttime="20220725 13:57:44.994" endtime="20220725 13:57:45.099"/>
</kw>
<kw name="Input Text" library="SeleniumLibrary">
<arg>xpath://*[@id="username_input"]</arg>
<arg>${user}[0]</arg>
<doc>Types the given ``text`` into the text field identified by ``locator``.</doc>
<msg timestamp="20220725 13:57:45.100" level="INFO">Typing text 'admin@nithin.com' into text field 'xpath://*[@id="username_input"]'.</msg>
<status status="PASS" starttime="20220725 13:57:45.099" endtime="20220725 13:57:45.172"/>
</kw>
<kw name="Click Element" library="SeleniumLibrary">
<arg>xpath:/html/body/div/div/div/form/table[2]/tbody/tr/td/table[1]/tbody/tr[5]/td/table/tbody/tr/td[1]/input</arg>
<doc>Click the element identified by ``locator``.</doc>
<msg timestamp="20220725 13:57:45.173" level="INFO">Clicking element 'xpath:/html/body/div/div/div/form/table[2]/tbody/tr/td/table[1]/tbody/tr[5]/td/table/tbody/tr/td[1]/input'.</msg>
<status status="PASS" starttime="20220725 13:57:45.172" endtime="20220725 13:57:47.376"/>
</kw>
<kw name="Input Text" library="SeleniumLibrary">
<arg>xpath:/html/body/div/div/form/table[2]/tbody/tr/td/table[1]/tbody/tr[2]/td/table/tbody/tr[1]/td/div[2]/table[2]/tbody/tr/td/div/input</arg>
<arg>${user}[1]</arg>
<doc>Types the given ``text`` into the text field identified by ``locator``.</doc>
<msg timestamp="20220725 13:57:47.376" level="INFO">Typing text 'Admin@123' into text field 'xpath:/html/body/div/div/form/table[2]/tbody/tr/td/table[1]/tbody/tr[2]/td/table/tbody/tr[1]/td/div[2]/table[2]/tbody/tr/td/div/input'.</msg>
<status status="PASS" starttime="20220725 13:57:47.376" endtime="20220725 13:57:47.414"/>
</kw>
<kw name="Click Element" library="SeleniumLibrary">
<arg>xpath:/html/body/div/div/form/table[2]/tbody/tr/td/table[1]/tbody/tr[3]/td/input</arg>
<doc>Click the element identified by ``locator``.</doc>
<msg timestamp="20220725 13:57:47.414" level="INFO">Clicking element 'xpath:/html/body/div/div/form/table[2]/tbody/tr/td/table[1]/tbody/tr[3]/td/input'.</msg>
<status status="PASS" starttime="20220725 13:57:47.414" endtime="20220725 13:57:57.678"/>
</kw>
<kw name="Sleep" library="BuiltIn">
<arg>2</arg>
<doc>Pauses the test executed for the given time.</doc>
<msg timestamp="20220725 13:57:59.681" level="INFO">Slept 2 seconds</msg>
<status status="PASS" starttime="20220725 13:57:57.678" endtime="20220725 13:57:59.681"/>
</kw>
<kw name="Evaluate" library="BuiltIn">
<var>${from}</var>
<arg>${counter}*${per_user}</arg>
<doc>Evaluates the given expression in Python and returns the result.</doc>
<msg timestamp="20220725 13:57:59.684" level="INFO">${from} = 0</msg>
<status status="PASS" starttime="20220725 13:57:59.682" endtime="20220725 13:57:59.684"/>
</kw>
<kw name="Evaluate" library="BuiltIn">
<var>${to}</var>
<arg>${counter}*${per_user}+${per_user}</arg>
<doc>Evaluates the given expression in Python and returns the result.</doc>
<msg timestamp="20220725 13:57:59.685" level="INFO">${to} = 0</msg>
<status status="PASS" starttime="20220725 13:57:59.684" endtime="20220725 13:57:59.685"/>
</kw>
<for flavor="IN">
<var>${website}</var>
<value>@{websites}</value>
<iter>
<var name="${website}">http://www.aibai.cn/</var>
<kw name="Log To Console" library="BuiltIn">
<arg>${website}</arg>
<doc>Logs the given message to the console.</doc>
<status status="PASS" starttime="20220725 13:57:59.686" endtime="20220725 13:57:59.687"/>
</kw>
<kw name="Execute Javascript" library="SeleniumLibrary">
<arg>window.open("${website}")</arg>
<doc>Executes the given JavaScript code with possible arguments.</doc>
<msg timestamp="20220725 13:57:59.689" level="INFO">Executing JavaScript:
window.open("http://www.aibai.cn/")
Without any arguments.</msg>
<status status="PASS" starttime="20220725 13:57:59.687" endtime="20220725 13:57:59.702"/>
</kw>
<status status="PASS" starttime="20220725 13:57:59.685" endtime="20220725 13:57:59.702"/>
</iter>
<iter>
<var name="${website}">http://www.beautyphoto.info/</var>
<kw name="Log To Console" library="BuiltIn">
<arg>${website}</arg>
<doc>Logs the given message to the console.</doc>
<status status="PASS" starttime="20220725 13:57:59.702" endtime="20220725 13:57:59.703"/>
</kw>
<kw name="Execute Javascript" library="SeleniumLibrary">
<arg>window.open("${website}")</arg>
<doc>Executes the given JavaScript code with possible arguments.</doc>
<msg timestamp="20220725 13:57:59.703" level="INFO">Executing JavaScript:
window.open("http://www.beautyphoto.info/")
Without any arguments.</msg>
<status status="PASS" starttime="20220725 13:57:59.703" endtime="20220725 13:57:59.711"/>
</kw>
<status status="PASS" starttime="20220725 13:57:59.702" endtime="20220725 13:57:59.711"/>
</iter>
<iter>
<var name="${website}">http://www.loveadvice.info/</var>
<kw name="Log To Console" library="BuiltIn">
<arg>${website}</arg>
<doc>Logs the given message to the console.</doc>
<status status="PASS" starttime="20220725 13:57:59.711" endtime="20220725 13:57:59.711"/>
</kw>
<kw name="Execute Javascript" library="SeleniumLibrary">
<arg>window.open("${website}")</arg>
<doc>Executes the given JavaScript code with possible arguments.</doc>
<msg timestamp="20220725 13:57:59.712" level="INFO">Executing JavaScript:
window.open("http://www.loveadvice.info/")
Without any arguments.</msg>
<status status="PASS" starttime="20220725 13:57:59.711" endtime="20220725 13:57:59.718"/>
</kw>
<status status="PASS" starttime="20220725 13:57:59.711" endtime="20220725 13:57:59.718"/>
</iter>
<iter>
<var name="${website}">http://www.adultfilmclassics.com/</var>
<kw name="Log To Console" library="BuiltIn">
<arg>${website}</arg>
<doc>Logs the given message to the console.</doc>
<status status="PASS" starttime="20220725 13:57:59.718" endtime="20220725 13:57:59.719"/>
</kw>
<kw name="Execute Javascript" library="SeleniumLibrary">
<arg>window.open("${website}")</arg>
<doc>Executes the given JavaScript code with possible arguments.</doc>
<msg timestamp="20220725 13:57:59.719" level="INFO">Executing JavaScript:
window.open("http://www.adultfilmclassics.com/")
Without any arguments.</msg>
<status status="PASS" starttime="20220725 13:57:59.719" endtime="20220725 13:57:59.725"/>
</kw>
<status status="PASS" starttime="20220725 13:57:59.718" endtime="20220725 13:57:59.725"/>
</iter>
<status status="PASS" starttime="20220725 13:57:59.685" endtime="20220725 13:57:59.725"/>
</for>
<kw name="Evaluate" library="BuiltIn">
<var>${counter}</var>
<arg>${counter}+1</arg>
<doc>Evaluates the given expression in Python and returns the result.</doc>
<msg timestamp="20220725 13:57:59.725" level="INFO">${counter} = 1</msg>
<status status="PASS" starttime="20220725 13:57:59.725" endtime="20220725 13:57:59.725"/>
</kw>
<kw name="Log To Console" library="BuiltIn">
<arg>${counter}</arg>
<doc>Logs the given message to the console.</doc>
<status status="PASS" starttime="20220725 13:57:59.726" endtime="20220725 13:57:59.726"/>
</kw>
<kw name="Log To Console" library="BuiltIn">
<arg>${from},${to},${user}</arg>
<doc>Logs the given message to the console.</doc>
<status status="PASS" starttime="20220725 13:57:59.726" endtime="20220725 13:57:59.726"/>
</kw>
<kw name="Sleep" library="BuiltIn">
<arg>10</arg>
<doc>Pauses the test executed for the given time.</doc>
<msg timestamp="20220725 13:58:09.727" level="INFO">Slept 10 seconds</msg>
<status status="PASS" starttime="20220725 13:57:59.726" endtime="20220725 13:58:09.728"/>
</kw>
<kw name="Close Browser" library="SeleniumLibrary">
<doc>Closes the current browser.</doc>
<status status="PASS" starttime="20220725 13:58:09.729" endtime="20220725 13:58:09.792"/>
</kw>
<status status="PASS" starttime="20220725 13:57:40.075" endtime="20220725 13:58:09.792"/>
</kw>
<status status="PASS" starttime="20220725 13:57:40.075" endtime="20220725 13:58:09.792"/>
</iter>
<status status="PASS" starttime="20220725 13:57:40.075" endtime="20220725 13:58:09.792"/>
</for>
<status status="PASS" starttime="20220725 13:57:40.073" endtime="20220725 13:58:09.793"/>
</test>
<status status="PASS" starttime="20220725 13:57:40.067" endtime="20220725 13:58:09.797"/>
</suite>
<status status="PASS" starttime="20220725 13:57:14.697" endtime="20220725 13:58:09.802"/>
</suite>
<statistics>
<total>
<stat pass="2" fail="0" skip="0">All Tests</stat>
</total>
<tag>
</tag>
<suite>
<stat pass="2" fail="0" skip="0" id="s1" name="Traffic01 &amp; Traffic02">Traffic01 &amp; Traffic02</stat>
<stat pass="1" fail="0" skip="0" id="s1-s1" name="Traffic01">Traffic01 &amp; Traffic02.Traffic01</stat>
<stat pass="1" fail="0" skip="0" id="s1-s2" name="Traffic02">Traffic01 &amp; Traffic02.Traffic02</stat>
</suite>
</statistics>
<errors>
</errors>
</robot>
